18-06-14 03:38:13:Error at file[/Users/apple/Code/Laravel-Extend/swoole_api_framework_2.x/vendor/easyswoole/easyswoole/src/Core/Http/Message/Status.php] line[124] message:[Illegal offset type in isset or empty]
18-06-14 03:38:13:Error at file[/Users/apple/Code/Laravel-Extend/swoole_api_framework_2.x/vendor/easyswoole/easyswoole/src/Core/Http/Response.php] line[47] message:[Swoole\Http\Response::status() expects parameter 1 to be integer, object given]
18-06-14 03:40:39:Error at file[/Users/apple/Code/Laravel-Extend/swoole_api_framework_2.x/App/HttpController/Index.php] line[12] message:[Class App\HttpController\Index contains 1 abstract method and must therefore be declared abstract or implement the remaining methods (EasySwoole\Core\Http\AbstractInterface\Controller::index)]
18-06-14 03:40:40:Error at file[/Users/apple/Code/Laravel-Extend/swoole_api_framework_2.x/App/HttpController/Index.php] line[12] message:[Class App\HttpController\Index contains 1 abstract method and must therefore be declared abstract or implement the remaining methods (EasySwoole\Core\Http\AbstractInterface\Controller::index)]
18-06-14 03:40:47:Error at file[/Users/apple/Code/Laravel-Extend/swoole_api_framework_2.x/App/HttpController/Index.php] line[12] message:[Class App\HttpController\Index contains 1 abstract method and must therefore be declared abstract or implement the remaining methods (EasySwoole\Core\Http\AbstractInterface\Controller::index)]
18-06-14 03:45:18:Error at file[/Users/apple/Code/Laravel-Extend/swoole_api_framework_2.x/App/HttpController/Index.php] line[12] message:[Class App\HttpController\Index contains 1 abstract method and must therefore be declared abstract or implement the remaining methods (EasySwoole\Core\Http\AbstractInterface\Controller::index)]
18-06-14 03:45:57:Error at file[/Users/apple/Code/Laravel-Extend/swoole_api_framework_2.x/App/HttpController/Index.php] line[12] message:[Class App\HttpController\Index contains 1 abstract method and must therefore be declared abstract or implement the remaining methods (EasySwoole\Core\Http\AbstractInterface\Controller::index)]
18-06-14 03:48:11:Error at file[/Users/apple/Code/Laravel-Extend/swoole_api_framework_2.x/vendor/easyswoole/easyswoole/src/Core/Http/Message/Status.php] line[124] message:[Illegal offset type in isset or empty]
18-06-14 03:48:11:Error at file[/Users/apple/Code/Laravel-Extend/swoole_api_framework_2.x/vendor/easyswoole/easyswoole/src/Core/Http/Response.php] line[47] message:[Swoole\Http\Response::status() expects parameter 1 to be integer, object given]
18-06-14 03:48:13:Error at file[/Users/apple/Code/Laravel-Extend/swoole_api_framework_2.x/vendor/easyswoole/easyswoole/src/Core/Http/Message/Status.php] line[124] message:[Illegal offset type in isset or empty]
18-06-14 03:48:13:Error at file[/Users/apple/Code/Laravel-Extend/swoole_api_framework_2.x/vendor/easyswoole/easyswoole/src/Core/Http/Response.php] line[47] message:[Swoole\Http\Response::status() expects parameter 1 to be integer, object given]
18-06-14 03:48:41:Error at file[/Users/apple/Code/Laravel-Extend/swoole_api_framework_2.x/App/HttpController/Index.php] line[12] message:[Class App\HttpController\Index contains 1 abstract method and must therefore be declared abstract or implement the remaining methods (EasySwoole\Core\Http\AbstractInterface\Controller::index)]
18-06-14 03:48:54:Error at file[/Users/apple/Code/Laravel-Extend/swoole_api_framework_2.x/vendor/easyswoole/easyswoole/src/Core/Http/Message/Status.php] line[124] message:[Illegal offset type in isset or empty]
18-06-14 03:48:54:Error at file[/Users/apple/Code/Laravel-Extend/swoole_api_framework_2.x/vendor/easyswoole/easyswoole/src/Core/Http/Response.php] line[47] message:[Swoole\Http\Response::status() expects parameter 1 to be integer, object given]
18-06-14 03:54:10:Error at file[/Users/apple/Code/Laravel-Extend/swoole_api_framework_2.x/vendor/easyswoole/easyswoole/src/Core/Http/Message/Status.php] line[124] message:[Illegal offset type in isset or empty]
18-06-14 03:54:10:Error at file[/Users/apple/Code/Laravel-Extend/swoole_api_framework_2.x/vendor/easyswoole/easyswoole/src/Core/Http/Response.php] line[47] message:[Swoole\Http\Response::status() expects parameter 1 to be integer, object given]
18-06-14 03:55:24:Error at file[/Users/apple/Code/Laravel-Extend/swoole_api_framework_2.x/vendor/easyswoole/easyswoole/src/Core/Http/Message/Status.php] line[124] message:[Illegal offset type in isset or empty]
18-06-14 03:55:24:Error at file[/Users/apple/Code/Laravel-Extend/swoole_api_framework_2.x/vendor/easyswoole/easyswoole/src/Core/Http/Response.php] line[47] message:[Swoole\Http\Response::status() expects parameter 1 to be integer, object given]
18-06-14 03:57:26:Error at file[/Users/apple/Code/Laravel-Extend/swoole_api_framework_2.x/vendor/easyswoole/easyswoole/src/Core/Http/Message/Status.php] line[124] message:[Illegal offset type in isset or empty]
18-06-14 03:57:26:Error at file[/Users/apple/Code/Laravel-Extend/swoole_api_framework_2.x/vendor/easyswoole/easyswoole/src/Core/Http/Response.php] line[47] message:[Swoole\Http\Response::status() expects parameter 1 to be integer, object given]
18-06-14 03:59:55:Error at file[/Users/apple/Code/Laravel-Extend/swoole_api_framework_2.x/vendor/easyswoole/easyswoole/src/Core/Http/Message/Status.php] line[124] message:[Illegal offset type in isset or empty]
18-06-14 03:59:55:Error at file[/Users/apple/Code/Laravel-Extend/swoole_api_framework_2.x/vendor/easyswoole/easyswoole/src/Core/Http/Response.php] line[47] message:[Swoole\Http\Response::status() expects parameter 1 to be integer, object given]
18-06-14 04:02:06:Error at file[/Users/apple/Code/Laravel-Extend/swoole_api_framework_2.x/vendor/easyswoole/easyswoole/src/Core/Http/Message/Status.php] line[124] message:[Illegal offset type in isset or empty]
18-06-14 04:02:06:Error at file[/Users/apple/Code/Laravel-Extend/swoole_api_framework_2.x/vendor/easyswoole/easyswoole/src/Core/Http/Response.php] line[47] message:[Swoole\Http\Response::status() expects parameter 1 to be integer, object given]
18-06-14 06:29:10:Error at file[/Users/apple/Code/Laravel-Extend/swoole_api_framework_2.x/vendor/easyswoole/easyswoole/src/Core/Http/Response.php] line[47] message:[Swoole\Http\Response::status() expects parameter 1 to be integer, string given]
18-06-14 06:37:39:Error at file[/Users/apple/Code/Laravel-Extend/swoole_api_framework_2.x/App/HttpController/IndexController.php] line[8] message:[Class App\HttpController\IndexController contains 1 abstract method and must therefore be declared abstract or implement the remaining methods (EasySwoole\Core\Http\AbstractInterface\Controller::index)]
18-06-14 06:38:30:Error at file[/Users/apple/Code/Laravel-Extend/swoole_api_framework_2.x/vendor/easyswoole/easyswoole/src/Core/Http/Message/Status.php] line[124] message:[Illegal offset type in isset or empty]
18-06-14 06:38:30:Error at file[/Users/apple/Code/Laravel-Extend/swoole_api_framework_2.x/vendor/easyswoole/easyswoole/src/Core/Http/Response.php] line[47] message:[Swoole\Http\Response::status() expects parameter 1 to be integer, object given]
18-06-14 06:38:42:Error at file[/Users/apple/Code/Laravel-Extend/swoole_api_framework_2.x/vendor/easyswoole/easyswoole/src/Core/Http/Message/Status.php] line[124] message:[Illegal offset type in isset or empty]
18-06-14 06:38:42:Error at file[/Users/apple/Code/Laravel-Extend/swoole_api_framework_2.x/vendor/easyswoole/easyswoole/src/Core/Http/Response.php] line[47] message:[Swoole\Http\Response::status() expects parameter 1 to be integer, object given]
18-06-14 06:43:14:Error at file[/Users/apple/Code/Laravel-Extend/swoole_api_framework_2.x/vendor/easyswoole/easyswoole/src/Core/Http/Message/Status.php] line[124] message:[Illegal offset type in isset or empty]
18-06-14 06:43:14:Error at file[/Users/apple/Code/Laravel-Extend/swoole_api_framework_2.x/vendor/easyswoole/easyswoole/src/Core/Http/Response.php] line[47] message:[Swoole\Http\Response::status() expects parameter 1 to be integer, array given]
18-06-14 06:46:00:Error at file[/Users/apple/Code/Laravel-Extend/swoole_api_framework_2.x/App/HttpController/User/UsersController.php] line[10] message:[Class 'App\HttpController\User\IndexController' not found]
18-06-14 06:46:29:Error at file[/Users/apple/Code/Laravel-Extend/swoole_api_framework_2.x/vendor/easyswoole/easyswoole/src/Core/Http/Message/Status.php] line[124] message:[Illegal offset type in isset or empty]
18-06-14 06:46:29:Error at file[/Users/apple/Code/Laravel-Extend/swoole_api_framework_2.x/vendor/easyswoole/easyswoole/src/Core/Http/Response.php] line[47] message:[Swoole\Http\Response::status() expects parameter 1 to be integer, array given]
18-06-14 06:54:18:Error at file[/Users/apple/Code/Laravel-Extend/swoole_api_framework_2.x/vendor/easyswoole/easyswoole/src/Core/Http/Message/Status.php] line[124] message:[Illegal offset type in isset or empty]
18-06-14 06:54:18:Error at file[/Users/apple/Code/Laravel-Extend/swoole_api_framework_2.x/vendor/easyswoole/easyswoole/src/Core/Http/Response.php] line[47] message:[Swoole\Http\Response::status() expects parameter 1 to be integer, array given]
18-06-14 06:55:01:Error at file[/Users/apple/Code/Laravel-Extend/swoole_api_framework_2.x/vendor/easyswoole/easyswoole/src/Core/Http/Message/Status.php] line[124] message:[Illegal offset type in isset or empty]
18-06-14 06:55:01:Error at file[/Users/apple/Code/Laravel-Extend/swoole_api_framework_2.x/vendor/easyswoole/easyswoole/src/Core/Http/Response.php] line[47] message:[Swoole\Http\Response::status() expects parameter 1 to be integer, array given]
18-06-14 06:55:10:Error at file[/Users/apple/Code/Laravel-Extend/swoole_api_framework_2.x/vendor/easyswoole/easyswoole/src/Core/Http/Message/Status.php] line[124] message:[Illegal offset type in isset or empty]
18-06-14 06:55:10:Error at file[/Users/apple/Code/Laravel-Extend/swoole_api_framework_2.x/vendor/easyswoole/easyswoole/src/Core/Http/Response.php] line[47] message:[Swoole\Http\Response::status() expects parameter 1 to be integer, array given]
18-06-14 06:56:23:Error at file[/Users/apple/Code/Laravel-Extend/swoole_api_framework_2.x/vendor/easyswoole/easyswoole/src/Core/Http/Message/Status.php] line[124] message:[Illegal offset type in isset or empty]
18-06-14 06:56:23:Error at file[/Users/apple/Code/Laravel-Extend/swoole_api_framework_2.x/vendor/easyswoole/easyswoole/src/Core/Http/Response.php] line[47] message:[Swoole\Http\Response::status() expects parameter 1 to be integer, object given]
18-06-14 06:57:10:Error at file[/Users/apple/Code/Laravel-Extend/swoole_api_framework_2.x/vendor/easyswoole/easyswoole/src/Core/Http/Response.php] line[47] message:[Swoole\Http\Response::status() expects parameter 1 to be integer, string given]
18-06-15 06:26:03:Error at file[/Users/apple/Code/Laravel-Extend/swoole_api_framework_2.x/App/HttpController/User/UsersController.php] line[29] message:[Undefined variable: userRepository]
18-06-15 06:26:17:Error at file[/Users/apple/Code/Laravel-Extend/swoole_api_framework_2.x/vendor/easyswoole/easyswoole/src/Core/Http/Response.php] line[47] message:[Swoole\Http\Response::status() expects parameter 1 to be integer, string given]
18-06-15 06:41:13:Error at file[/Users/apple/Code/Laravel-Extend/swoole_api_framework_2.x/vendor/easyswoole/easyswoole/src/Core/Http/Message/Status.php] line[124] message:[Illegal offset type in isset or empty]
18-06-15 06:41:13:Error at file[/Users/apple/Code/Laravel-Extend/swoole_api_framework_2.x/vendor/easyswoole/easyswoole/src/Core/Http/Response.php] line[47] message:[Swoole\Http\Response::status() expects parameter 1 to be integer, object given]
18-06-15 06:41:16:Error at file[/Users/apple/Code/Laravel-Extend/swoole_api_framework_2.x/vendor/easyswoole/easyswoole/src/Core/Http/Message/Status.php] line[124] message:[Illegal offset type in isset or empty]
18-06-15 06:41:16:Error at file[/Users/apple/Code/Laravel-Extend/swoole_api_framework_2.x/vendor/easyswoole/easyswoole/src/Core/Http/Response.php] line[47] message:[Swoole\Http\Response::status() expects parameter 1 to be integer, object given]
18-06-15 06:41:19:Error at file[/Users/apple/Code/Laravel-Extend/swoole_api_framework_2.x/vendor/easyswoole/easyswoole/src/Core/Http/Message/Status.php] line[124] message:[Illegal offset type in isset or empty]
18-06-15 06:41:19:Error at file[/Users/apple/Code/Laravel-Extend/swoole_api_framework_2.x/vendor/easyswoole/easyswoole/src/Core/Http/Response.php] line[47] message:[Swoole\Http\Response::status() expects parameter 1 to be integer, object given]
18-06-15 06:42:44:Error at file[/Users/apple/Code/Laravel-Extend/swoole_api_framework_2.x/vendor/easyswoole/easyswoole/src/Core/Http/Message/Status.php] line[124] message:[Illegal offset type in isset or empty]
18-06-15 06:42:44:Error at file[/Users/apple/Code/Laravel-Extend/swoole_api_framework_2.x/vendor/easyswoole/easyswoole/src/Core/Http/Response.php] line[47] message:[Swoole\Http\Response::status() expects parameter 1 to be integer, object given]
18-06-15 06:45:21:Error at file[/Users/apple/Code/Laravel-Extend/swoole_api_framework_2.x/App/Middleware/SignValidationMiddleware.php] line[30] message:[json_encode() expects parameter 2 to be integer, array given]
18-06-15 07:07:29:Error at file[/Users/apple/Code/Laravel-Extend/swoole_api_framework_2.x/App/Middleware/TokenValidationMiddleware.php] line[31] message:[Undefined offset: 0]
18-06-15 07:08:36:Error at file[/Users/apple/Code/Laravel-Extend/swoole_api_framework_2.x/App/Middleware/SignValidationMiddleware.php] line[26] message:[Undefined offset: 0]
18-06-15 07:09:56:Error at file[/Users/apple/Code/Laravel-Extend/swoole_api_framework_2.x/App/Middleware/SignValidationMiddleware.php] line[26] message:[Undefined offset: 0]
18-06-15 07:10:04:Error at file[/Users/apple/Code/Laravel-Extend/swoole_api_framework_2.x/vendor/easyswoole/easyswoole/src/Core/Http/Message/Status.php] line[124] message:[Illegal offset type in isset or empty]
18-06-15 07:10:04:Error at file[/Users/apple/Code/Laravel-Extend/swoole_api_framework_2.x/vendor/easyswoole/easyswoole/src/Core/Http/Response.php] line[47] message:[Swoole\Http\Response::status() expects parameter 1 to be integer, array given]
18-06-15 07:11:16:Error at file[/Users/apple/Code/Laravel-Extend/swoole_api_framework_2.x/App/Middleware/SignValidationMiddleware.php] line[26] message:[Undefined offset: 0]
18-06-15 07:11:28:Error at file[/Users/apple/Code/Laravel-Extend/swoole_api_framework_2.x/vendor/easyswoole/easyswoole/src/Core/Http/Message/Status.php] line[124] message:[Illegal offset type in isset or empty]
18-06-15 07:11:28:Error at file[/Users/apple/Code/Laravel-Extend/swoole_api_framework_2.x/vendor/easyswoole/easyswoole/src/Core/Http/Response.php] line[47] message:[Swoole\Http\Response::status() expects parameter 1 to be integer, array given]
18-06-15 07:11:54:Error at file[/Users/apple/Code/Laravel-Extend/swoole_api_framework_2.x/vendor/easyswoole/easyswoole/src/Core/Http/Message/Status.php] line[124] message:[Illegal offset type in isset or empty]
18-06-15 07:11:54:Error at file[/Users/apple/Code/Laravel-Extend/swoole_api_framework_2.x/vendor/easyswoole/easyswoole/src/Core/Http/Response.php] line[47] message:[Swoole\Http\Response::status() expects parameter 1 to be integer, array given]
18-06-15 08:00:12:Error at file[/Users/apple/Code/Laravel-Extend/swoole_api_framework_2.x/App/Middleware/SignValidationMiddleware.php] line[26] message:[Undefined offset: 0]
